<?xml version="1.0" encoding="UTF-8"?>
<!-- Generated by org.testng.reporters.JUnitReportReporter -->
<testsuite hostname="DESKTOP-8O9USS3" failures="0" tests="1" name="Authendication.ProSignup" time="25.364" errors="0" timestamp="24 Nov 2022 11:47:41 GMT">
  <testcase classname="Authendication.ProSignup" name="proSignupPage" time="25.364"/>
</testsuite> <!-- Authendication.ProSignup -->
